{"meta": {"format": 3, "version": "7.13.5", "timestamp": "2026-04-02T23:04:19.998981", "branch_coverage": false, "show_contexts": false}, "files": {"ai_proctoring\\audio_monitor.py": {"executed_lines": [], "summary": {"covered_lines": 0, "num_statements": 111, "percent_covered": 0.0, "percent_covered_display": "0", "missing_lines": 111, "excluded_lines": 0, "percent_statements_covered": 0.0, "percent_statements_covered_display": "0"}, "missing_lines": [11, 12, 13, 14, 16, 17, 21, 22, 23, 24, 25, 26, 27, 28, 29, 30, 31, 32, 33, 36, 39, 40, 41, 42, 43, 44, 47, 48, 49, 50, 51, 52, 53, 54, 55, 56, 58, 62, 63, 64, 65, 66, 67, 68, 69, 70, 71, 72, 73, 74, 75, 76, 80, 81, 82, 83, 84, 91, 92, 93, 94, 95, 96, 98, 99, 101, 102, 103, 104, 105, 106, 107, 111, 112, 113, 114, 116, 117, 118, 119, 120, 122, 123, 124, 125, 126, 127, 128, 130, 131, 133, 136, 137, 139, 140, 141, 154, 155, 156, 157, 159, 160, 161, 163, 164, 165, 166, 168, 169, 173, 174], "excluded_lines": [], "functions": {"AudioMonitor.__init__": {"executed_lines": [], "summary": {"covered_lines": 0, "num_statements": 16, "percent_covered": 0.0, "percent_covered_display": "0", "missing_lines": 16, "excluded_lines": 0, "percent_statements_covered": 0.0, "percent_statements_covered_display": "0"}, "missing_lines": [40, 41, 42, 43, 44, 47, 48, 49, 50, 51, 52, 53, 54, 55, 56, 58], "excluded_lines": [], "start_line": 39}, "AudioMonitor.stop": {"executed_lines": [], "summary": {"covered_lines": 0, "num_statements": 14, "percent_covered": 0.0, "percent_covered_display": "0", "missing_lines": 14, "excluded_lines": 0, "percent_statements_covered": 0.0, "percent_statements_covered_display": "0"}, "missing_lines": [63, 64, 65, 66, 67, 68, 69, 70, 71, 72, 73, 74, 75, 76], "excluded_lines": [], "start_line": 62}, "AudioMonitor._try_start": {"executed_lines": [], "summary": {"covered_lines": 0, "num_statements": 12, "percent_covered": 0.0, "percent_covered_display": "0", "missing_lines": 12, "excluded_lines": 0, "percent_statements_covered": 0.0, "percent_statements_covered_display": "0"}, "missing_lines": [81, 82, 83, 84, 91, 92, 93, 94, 95, 96, 98, 99], "excluded_lines": [], "start_line": 80}, "AudioMonitor._listen_loop": {"executed_lines": [], "summary": {"covered_lines": 0, "num_statements": 10, "percent_covered": 0.0, "percent_covered_display": "0", "missing_lines": 10, "excluded_lines": 0, "percent_statements_covered": 0.0, "percent_statements_covered_display": "0"}, "missing_lines": [102, 103, 104, 105, 106, 107, 111, 112, 113, 114], "excluded_lines": [], "start_line": 101}, "AudioMonitor._evaluate": {"executed_lines": [], "summary": {"covered_lines": 0, "num_statements": 26, "percent_covered": 0.0, "percent_covered_display": "0", "missing_lines": 26, "excluded_lines": 0, "percent_statements_covered": 0.0, "percent_statements_covered_display": "0"}, "missing_lines": [117, 118, 119, 120, 122, 123, 124, 125, 126, 127, 128, 130, 131, 133, 136, 137, 139, 140, 141, 154, 155, 156, 157, 159, 160, 161], "excluded_lines": [], "start_line": 116}, "AudioMonitor._update_baseline": {"executed_lines": [], "summary": {"covered_lines": 0, "num_statements": 7, "percent_covered": 0.0, "percent_covered_display": "0", "missing_lines": 7, "excluded_lines": 0, "percent_statements_covered": 0.0, "percent_statements_covered_display": "0"}, "missing_lines": [164, 165, 166, 168, 169, 173, 174], "excluded_lines": [], "start_line": 163}, "": {"executed_lines": [], "summary": {"covered_lines": 0, "num_statements": 26, "percent_covered": 0.0, "percent_covered_display": "0", "missing_lines": 26, "excluded_lines": 0, "percent_statements_covered": 0.0, "percent_statements_covered_display": "0"}, "missing_lines": [11, 12, 13, 14, 16, 17, 21, 22, 23, 24, 25, 26, 27, 28, 29, 30, 31, 32, 33, 36, 39, 62, 80, 101, 116, 163], "excluded_lines": [], "start_line": 1}}, "classes": {"AudioMonitor": {"executed_lines": [], "summary": {"covered_lines": 0, "num_statements": 85, "percent_covered": 0.0, "percent_covered_display": "0", "missing_lines": 85, "excluded_lines": 0, "percent_statements_covered": 0.0, "percent_statements_covered_display": "0"}, "missing_lines": [40, 41, 42, 43, 44, 47, 48, 49, 50, 51, 52, 53, 54, 55, 56, 58, 63, 64, 65, 66, 67, 68, 69, 70, 71, 72, 73, 74, 75, 76, 81, 82, 83, 84, 91, 92, 93, 94, 95, 96, 98, 99, 102, 103, 104, 105, 106, 107, 111, 112, 113, 114, 117, 118, 119, 120, 122, 123, 124, 125, 126, 127, 128, 130, 131, 133, 136, 137, 139, 140, 141, 154, 155, 156, 157, 159, 160, 161, 164, 165, 166, 168, 169, 173, 174], "excluded_lines": [], "start_line": 36}, "": {"executed_lines": [], "summary": {"covered_lines": 0, "num_statements": 26, "percent_covered": 0.0, "percent_covered_display": "0", "missing_lines": 26, "excluded_lines": 0, "percent_statements_covered": 0.0, "percent_statements_covered_display": "0"}, "missing_lines": [11, 12, 13, 14, 16, 17, 21, 22, 23, 24, 25, 26, 27, 28, 29, 30, 31, 32, 33, 36, 39, 62, 80, 101, 116, 163], "excluded_lines": [], "start_line": 1}}}, "ai_proctoring\\blink_monitor.py": {"executed_lines": [], "summary": {"covered_lines": 0, "num_statements": 112, "percent_covered": 0.0, "percent_covered_display": "0", "missing_lines": 112, "excluded_lines": 0, "percent_statements_covered": 0.0, "percent_statements_covered_display": "0"}, "missing_lines": [12, 13, 14, 15, 17, 18, 19, 23, 24, 25, 26, 27, 28, 29, 30, 31, 32, 37, 38, 41, 43, 49, 50, 52, 53, 56, 59, 60, 63, 64, 65, 66, 67, 68, 69, 70, 73, 74, 75, 76, 78, 82, 87, 88, 90, 91, 92, 93, 94, 97, 98, 100, 101, 102, 104, 105, 106, 108, 119, 120, 121, 122, 124, 125, 126, 127, 128, 129, 130, 131, 133, 134, 136, 142, 143, 145, 146, 148, 150, 151, 152, 154, 156, 157, 158, 160, 161, 162, 165, 166, 168, 170, 171, 172, 173, 175, 176, 177, 179, 180, 181, 183, 184, 186, 187, 201, 203, 204, 205, 212, 213, 214], "excluded_lines": [], "functions": {"_ear": {"executed_lines": [], "summary": {"covered_lines": 0, "num_statements": 5, "percent_covered": 0.0, "percent_covered_display": "0", "missing_lines": 5, "excluded_lines": 0, "percent_statements_covered": 0.0, "percent_statements_covered_display": "0"}, "missing_lines": [43, 49, 50, 52, 53], "excluded_lines": [], "start_line": 41}, "BlinkMonitor.__init__": {"executed_lines": [], "summary": {"covered_lines": 0, "num_statements": 14, "percent_covered": 0.0, "percent_covered_display": "0", "missing_lines": 14, "excluded_lines": 0, "percent_statements_covered": 0.0, "percent_statements_covered_display": "0"}, "missing_lines": [60, 63, 64, 65, 66, 67, 68, 69, 70, 73, 74, 75, 76, 78], "excluded_lines": [], "start_line": 59}, "BlinkMonitor.process": {"executed_lines": [], "summary": {"covered_lines": 0, "num_statements": 16, "percent_covered": 0.0, "percent_covered_display": "0", "missing_lines": 16, "excluded_lines": 0, "percent_statements_covered": 0.0, "percent_statements_covered_display": "0"}, "missing_lines": [87, 88, 90, 91, 92, 93, 94, 97, 98, 100, 101, 102, 104, 105, 106, 108], "excluded_lines": [], "start_line": 82}, "BlinkMonitor._register_blink": {"executed_lines": [], "summary": {"covered_lines": 0, "num_statements": 3, "percent_covered": 0.0, "percent_covered_display": "0", "missing_lines": 3, "excluded_lines": 0, "percent_statements_covered": 0.0, "percent_statements_covered_display": "0"}, "missing_lines": [120, 121, 122], "excluded_lines": [], "start_line": 119}, "BlinkMonitor._update_baseline": {"executed_lines": [], "summary": {"covered_lines": 0, "num_statements": 7, "percent_covered": 0.0, "percent_covered_display": "0", "missing_lines": 7, "excluded_lines": 0, "percent_statements_covered": 0.0, "percent_statements_covered_display": "0"}, "missing_lines": [125, 126, 127, 128, 129, 130, 131], "excluded_lines": [], "start_line": 124}, "BlinkMonitor._is_eye_closed": {"executed_lines": [], "summary": {"covered_lines": 0, "num_statements": 2, "percent_covered": 0.0, "percent_covered_display": "0", "missing_lines": 2, "excluded_lines": 0, "percent_statements_covered": 0.0, "percent_statements_covered_display": "0"}, "missing_lines": [134, 136], "excluded_lines": [], "start_line": 133}, "BlinkMonitor._update_rate": {"executed_lines": [], "summary": {"covered_lines": 0, "num_statements": 8, "percent_covered": 0.0, "percent_covered_display": "0", "missing_lines": 8, "excluded_lines": 0, "percent_statements_covered": 0.0, "percent_statements_covered_display": "0"}, "missing_lines": [143, 145, 146, 148, 150, 151, 152, 154], "excluded_lines": [], "start_line": 142}, "BlinkMonitor._check_violation": {"executed_lines": [], "summary": {"covered_lines": 0, "num_statements": 23, "percent_covered": 0.0, "percent_covered_display": "0", "missing_lines": 23, "excluded_lines": 0, "percent_statements_covered": 0.0, "percent_statements_covered_display": "0"}, "missing_lines": [157, 158, 160, 161, 162, 165, 166, 168, 170, 171, 172, 173, 175, 176, 177, 179, 180, 181, 183, 184, 186, 187, 201], "excluded_lines": [], "start_line": 156}, "BlinkMonitor._draw_info": {"executed_lines": [], "summary": {"covered_lines": 0, "num_statements": 5, "percent_covered": 0.0, "percent_covered_display": "0", "missing_lines": 5, "excluded_lines": 0, "percent_statements_covered": 0.0, "percent_statements_covered_display": "0"}, "missing_lines": [204, 205, 212, 213, 214], "excluded_lines": [], "start_line": 203}, "": {"executed_lines": [], "summary": {"covered_lines": 0, "num_statements": 29, "percent_covered": 0.0, "percent_covered_display": "0", "missing_lines": 29, "excluded_lines": 0, "percent_statements_covered": 0.0, "percent_statements_covered_display": "0"}, "missing_lines": [12, 13, 14, 15, 17, 18, 19, 23, 24, 25, 26, 27, 28, 29, 30, 31, 32, 37, 38, 41, 56, 59, 82, 119, 124, 133, 142, 156, 203], "excluded_lines": [], "start_line": 1}}, "classes": {"BlinkMonitor": {"executed_lines": [], "summary": {"covered_lines": 0, "num_statements": 78, "percent_covered": 0.0, "percent_covered_display": "0", "missing_lines": 78, "excluded_lines": 0, "percent_statements_covered": 0.0, "percent_statements_covered_display": "0"}, "missing_lines": [60, 63, 64, 65, 66, 67, 68, 69, 70, 73, 74, 75, 76, 78, 87, 88, 90, 91, 92, 93, 94, 97, 98, 100, 101, 102, 104, 105, 106, 108, 120, 121, 122, 125, 126, 127, 128, 129, 130, 131, 134, 136, 143, 145, 146, 148, 150, 151, 152, 154, 157, 158, 160, 161, 162, 165, 166, 168, 170, 171, 172, 173, 175, 176, 177, 179, 180, 181, 183, 184, 186, 187, 201, 204, 205, 212, 213, 214], "excluded_lines": [], "start_line": 56}, "": {"executed_lines": [], "summary": {"covered_lines": 0, "num_statements": 34, "percent_covered": 0.0, "percent_covered_display": "0", "missing_lines": 34, "excluded_lines": 0, "percent_statements_covered": 0.0, "percent_statements_covered_display": "0"}, "missing_lines": [12, 13, 14, 15, 17, 18, 19, 23, 24, 25, 26, 27, 28, 29, 30, 31, 32, 37, 38, 41, 43, 49, 50, 52, 53, 56, 59, 82, 119, 124, 133, 142, 156, 203], "excluded_lines": [], "start_line": 1}}}, "ai_proctoring\\config.py": {"executed_lines": [], "summary": {"covered_lines": 0, "num_statements": 97, "percent_covered": 0.0, "percent_covered_display": "0", "missing_lines": 97, "excluded_lines": 0, "percent_statements_covered": 0.0, "percent_statements_covered_display": "0"}, "missing_lines": [7, 9, 12, 13, 14, 17, 18, 19, 20, 21, 22, 28, 30, 63, 64, 67, 68, 69, 70, 71, 72, 73, 74, 75, 78, 79, 80, 81, 83, 84, 85, 86, 87, 88, 89, 92, 93, 94, 95, 98, 99, 100, 103, 104, 107, 108, 109, 110, 111, 112, 113, 114, 115, 116, 117, 118, 119, 120, 121, 122, 123, 124, 125, 126, 127, 128, 129, 130, 131, 132, 133, 134, 135, 136, 137, 138, 141, 142, 143, 144, 145, 146, 147, 148, 149, 152, 153, 154, 155, 156, 157, 158, 159, 160, 161, 162, 163], "excluded_lines": [], "functions": {"": {"executed_lines": [], "summary": {"covered_lines": 0, "num_statements": 97, "percent_covered": 0.0, "percent_covered_display": "0", "missing_lines": 97, "excluded_lines": 0, "percent_statements_covered": 0.0, "percent_statements_covered_display": "0"}, "missing_lines": [7, 9, 12, 13, 14, 17, 18, 19, 20, 21, 22, 28, 30, 63, 64, 67, 68, 69, 70, 71, 72, 73, 74, 75, 78, 79, 80, 81, 83, 84, 85, 86, 87, 88, 89, 92, 93, 94, 95, 98, 99, 100, 103, 104, 107, 108, 109, 110, 111, 112, 113, 114, 115, 116, 117, 118, 119, 120, 121, 122, 123, 124, 125, 126, 127, 128, 129, 130, 131, 132, 133, 134, 135, 136, 137, 138, 141, 142, 143, 144, 145, 146, 147, 148, 149, 152, 153, 154, 155, 156, 157, 158, 159, 160, 161, 162, 163], "excluded_lines": [], "start_line": 1}}, "classes": {"": {"executed_lines": [], "summary": {"covered_lines": 0, "num_statements": 97, "percent_covered": 0.0, "percent_covered_display": "0", "missing_lines": 97, "excluded_lines": 0, "percent_statements_covered": 0.0, "percent_statements_covered_display": "0"}, "missing_lines": [7, 9, 12, 13, 14, 17, 18, 19, 20, 21, 22, 28, 30, 63, 64, 67, 68, 69, 70, 71, 72, 73, 74, 75, 78, 79, 80, 81, 83, 84, 85, 86, 87, 88, 89, 92, 93, 94, 95, 98, 99, 100, 103, 104, 107, 108, 109, 110, 111, 112, 113, 114, 115, 116, 117, 118, 119, 120, 121, 122, 123, 124, 125, 126, 127, 128, 129, 130, 131, 132, 133, 134, 135, 136, 137, 138, 141, 142, 143, 144, 145, 146, 147, 148, 149, 152, 153, 154, 155, 156, 157, 158, 159, 160, 161, 162, 163], "excluded_lines": [], "start_line": 1}}}, "ai_proctoring\\face_monitor.py": {"executed_lines": [], "summary": {"covered_lines": 0, "num_statements": 94, "percent_covered": 0.0, "percent_covered_display": "0", "missing_lines": 94, "excluded_lines": 0, "percent_statements_covered": 0.0, "percent_statements_covered_display": "0"}, "missing_lines": [10, 11, 12, 13, 14, 15, 16, 18, 19, 20, 24, 25, 26, 27, 28, 29, 31, 32, 33, 36, 37, 38, 39, 40, 43, 46, 47, 48, 50, 51, 55, 58, 59, 60, 61, 63, 67, 68, 69, 70, 71, 72, 73, 75, 76, 77, 79, 92, 93, 94, 95, 96, 97, 98, 99, 105, 106, 107, 113, 115, 116, 118, 119, 120, 121, 122, 123, 124, 125, 126, 127, 133, 134, 141, 142, 143, 144, 145, 149, 150, 151, 152, 153, 154, 156, 157, 158, 159, 160, 161, 162, 163, 164, 165], "excluded_lines": [], "functions": {"_ensure_model": {"executed_lines": [], "summary": {"covered_lines": 0, "num_statements": 4, "percent_covered": 0.0, "percent_covered_display": "0", "missing_lines": 4, "excluded_lines": 0, "percent_statements_covered": 0.0, "percent_statements_covered_display": "0"}, "missing_lines": [37, 38, 39, 40], "excluded_lines": [], "start_line": 36}, "FaceMonitor.__init__": {"executed_lines": [], "summary": {"covered_lines": 0, "num_statements": 10, "percent_covered": 0.0, "percent_covered_display": "0", "missing_lines": 10, "excluded_lines": 0, "percent_statements_covered": 0.0, "percent_statements_covered_display": "0"}, "missing_lines": [47, 48, 50, 51, 55, 58, 59, 60, 61, 63], "excluded_lines": [], "start_line": 46}, "FaceMonitor.process": {"executed_lines": [], "summary": {"covered_lines": 0, "num_statements": 10, "percent_covered": 0.0, "percent_covered_display": "0", "missing_lines": 10, "excluded_lines": 0, "percent_statements_covered": 0.0, "percent_statements_covered_display": "0"}, "missing_lines": [68, 69, 70, 71, 72, 73, 75, 76, 77, 79], "excluded_lines": [], "start_line": 67}, "FaceMonitor._check_no_face": {"executed_lines": [], "summary": {"covered_lines": 0, "num_statements": 13, "percent_covered": 0.0, "percent_covered_display": "0", "missing_lines": 13, "excluded_lines": 0, "percent_statements_covered": 0.0, "percent_statements_covered_display": "0"}, "missing_lines": [93, 94, 95, 96, 97, 98, 99, 105, 106, 107, 113, 115, 116], "excluded_lines": [], "start_line": 92}, "FaceMonitor._check_multiple_faces": {"executed_lines": [], "summary": {"covered_lines": 0, "num_statements": 11, "percent_covered": 0.0, "percent_covered_display": "0", "missing_lines": 11, "excluded_lines": 0, "percent_statements_covered": 0.0, "percent_statements_covered_display": "0"}, "missing_lines": [119, 120, 121, 122, 123, 124, 125, 126, 127, 133, 134], "excluded_lines": [], "start_line": 118}, "FaceMonitor._extract_primary_bbox": {"executed_lines": [], "summary": {"covered_lines": 0, "num_statements": 10, "percent_covered": 0.0, "percent_covered_display": "0", "missing_lines": 10, "excluded_lines": 0, "percent_statements_covered": 0.0, "percent_statements_covered_display": "0"}, "missing_lines": [142, 143, 144, 145, 149, 150, 151, 152, 153, 154], "excluded_lines": [], "start_line": 141}, "FaceMonitor._draw_detections": {"executed_lines": [], "summary": {"covered_lines": 0, "num_statements": 9, "percent_covered": 0.0, "percent_covered_display": "0", "missing_lines": 9, "excluded_lines": 0, "percent_statements_covered": 0.0, "percent_statements_covered_display": "0"}, "missing_lines": [157, 158, 159, 160, 161, 162, 163, 164, 165], "excluded_lines": [], "start_line": 156}, "": {"executed_lines": [], "summary": {"covered_lines": 0, "num_statements": 27, "percent_covered": 0.0, "percent_covered_display": "0", "missing_lines": 27, "excluded_lines": 0, "percent_statements_covered": 0.0, "percent_statements_covered_display": "0"}, "missing_lines": [10, 11, 12, 13, 14, 15, 16, 18, 19, 20, 24, 25, 26, 27, 28, 29, 31, 32, 33, 36, 43, 46, 67, 92, 118, 141, 156], "excluded_lines": [], "start_line": 1}}, "classes": {"FaceMonitor": {"executed_lines": [], "summary": {"covered_lines": 0, "num_statements": 63, "percent_covered": 0.0, "percent_covered_display": "0", "missing_lines": 63, "excluded_lines": 0, "percent_statements_covered": 0.0, "percent_statements_covered_display": "0"}, "missing_lines": [47, 48, 50, 51, 55, 58, 59, 60, 61, 63, 68, 69, 70, 71, 72, 73, 75, 76, 77, 79, 93, 94, 95, 96, 97, 98, 99, 105, 106, 107, 113, 115, 116, 119, 120, 121, 122, 123, 124, 125, 126, 127, 133, 134, 142, 143, 144, 145, 149, 150, 151, 152, 153, 154, 157, 158, 159, 160, 161, 162, 163, 164, 165], "excluded_lines": [], "start_line": 43}, "": {"executed_lines": [], "summary": {"covered_lines": 0, "num_statements": 31, "percent_covered": 0.0, "percent_covered_display": "0", "missing_lines": 31, "excluded_lines": 0, "percent_statements_covered": 0.0, "percent_statements_covered_display": "0"}, "missing_lines": [10, 11, 12, 13, 14, 15, 16, 18, 19, 20, 24, 25, 26, 27, 28, 29, 31, 32, 33, 36, 37, 38, 39, 40, 43, 46, 67, 92, 118, 141, 156], "excluded_lines": [], "start_line": 1}}}, "ai_proctoring\\gaze_tracking.py": {"executed_lines": [], "summary": {"covered_lines": 0, "num_statements": 122, "percent_covered": 0.0, "percent_covered_display": "0", "missing_lines": 122, "excluded_lines": 0, "percent_statements_covered": 0.0, "percent_statements_covered_display": "0"}, "missing_lines": [7, 8, 9, 11, 12, 13, 14, 15, 17, 18, 19, 22, 23, 24, 25, 26, 27, 28, 30, 32, 44, 45, 46, 49, 50, 51, 52, 53, 56, 59, 60, 61, 63, 64, 70, 72, 73, 74, 75, 77, 79, 80, 81, 82, 83, 85, 86, 95, 96, 97, 99, 100, 109, 115, 116, 118, 119, 129, 131, 141, 142, 147, 148, 156, 158, 165, 166, 168, 169, 170, 172, 173, 174, 176, 177, 178, 179, 180, 182, 184, 185, 186, 187, 189, 190, 191, 192, 193, 195, 196, 197, 198, 200, 201, 202, 203, 204, 206, 207, 208, 209, 211, 213, 214, 215, 216, 217, 218, 219, 220, 230, 231, 232, 233, 245, 246, 248, 249, 251, 252, 253, 261], "excluded_lines": [], "functions": {"_ensure_model": {"executed_lines": [], "summary": {"covered_lines": 0, "num_statements": 4, "percent_covered": 0.0, "percent_covered_display": "0", "missing_lines": 4, "excluded_lines": 0, "percent_statements_covered": 0.0, "percent_statements_covered_display": "0"}, "missing_lines": [50, 51, 52, 53], "excluded_lines": [], "start_line": 49}, "GazeTracker.__init__": {"executed_lines": [], "summary": {"covered_lines": 0, "num_statements": 10, "percent_covered": 0.0, "percent_covered_display": "0", "missing_lines": 10, "excluded_lines": 0, "percent_statements_covered": 0.0, "percent_statements_covered_display": "0"}, "missing_lines": [60, 61, 63, 64, 70, 72, 73, 74, 75, 77], "excluded_lines": [], "start_line": 59}, "GazeTracker.process": {"executed_lines": [], "summary": {"covered_lines": 0, "num_statements": 18, "percent_covered": 0.0, "percent_covered_display": "0", "missing_lines": 18, "excluded_lines": 0, "percent_statements_covered": 0.0, "percent_statements_covered_display": "0"}, "missing_lines": [80, 81, 82, 83, 85, 86, 95, 96, 97, 99, 100, 109, 115, 116, 118, 119, 129, 131], "excluded_lines": [], "start_line": 79}, "GazeTracker._estimate_head_pose": {"executed_lines": [], "summary": {"covered_lines": 0, "num_statements": 19, "percent_covered": 0.0, "percent_covered_display": "0", "missing_lines": 19, "excluded_lines": 0, "percent_statements_covered": 0.0, "percent_statements_covered_display": "0"}, "missing_lines": [142, 147, 148, 156, 158, 165, 166, 168, 169, 170, 172, 173, 174, 176, 177, 178, 179, 180, 182], "excluded_lines": [], "start_line": 141}, "GazeTracker._estimate_side_look_ratio": {"executed_lines": [], "summary": {"covered_lines": 0, "num_statements": 8, "percent_covered": 0.0, "percent_covered_display": "0", "missing_lines": 8, "excluded_lines": 0, "percent_statements_covered": 0.0, "percent_statements_covered_display": "0"}, "missing_lines": [185, 186, 187, 189, 190, 191, 192, 193], "excluded_lines": [], "start_line": 184}, "GazeTracker._gaze_direction": {"executed_lines": [], "summary": {"covered_lines": 0, "num_statements": 13, "percent_covered": 0.0, "percent_covered_display": "0", "missing_lines": 13, "excluded_lines": 0, "percent_statements_covered": 0.0, "percent_statements_covered_display": "0"}, "missing_lines": [196, 197, 198, 200, 201, 202, 203, 204, 206, 207, 208, 209, 211], "excluded_lines": [], "start_line": 195}, "GazeTracker._handle_look_away": {"executed_lines": [], "summary": {"covered_lines": 0, "num_statements": 15, "percent_covered": 0.0, "percent_covered_display": "0", "missing_lines": 15, "excluded_lines": 0, "percent_statements_covered": 0.0, "percent_statements_covered_display": "0"}, "missing_lines": [214, 215, 216, 217, 218, 219, 220, 230, 231, 232, 233, 245, 246, 248, 249], "excluded_lines": [], "start_line": 213}, "GazeTracker._draw_pose_info": {"executed_lines": [], "summary": {"covered_lines": 0, "num_statements": 3, "percent_covered": 0.0, "percent_covered_display": "0", "missing_lines": 3, "excluded_lines": 0, "percent_statements_covered": 0.0, "percent_statements_covered_display": "0"}, "missing_lines": [252, 253, 261], "excluded_lines": [], "start_line": 251}, "": {"executed_lines": [], "summary": {"covered_lines": 0, "num_statements": 32, "percent_covered": 0.0, "percent_covered_display": "0", "missing_lines": 32, "excluded_lines": 0, "percent_statements_covered": 0.0, "percent_statements_covered_display": "0"}, "missing_lines": [7, 8, 9, 11, 12, 13, 14, 15, 17, 18, 19, 22, 23, 24, 25, 26, 27, 28, 30, 32, 44, 45, 46, 49, 56, 59, 79, 141, 184, 195, 213, 251], "excluded_lines": [], "start_line": 1}}, "classes": {"GazeTracker": {"executed_lines": [], "summary": {"covered_lines": 0, "num_statements": 86, "percent_covered": 0.0, "percent_covered_display": "0", "missing_lines": 86, "excluded_lines": 0, "percent_statements_covered": 0.0, "percent_statements_covered_display": "0"}, "missing_lines": [60, 61, 63, 64, 70, 72, 73, 74, 75, 77, 80, 81, 82, 83, 85, 86, 95, 96, 97, 99, 100, 109, 115, 116, 118, 119, 129, 131, 142, 147, 148, 156, 158, 165, 166, 168, 169, 170, 172, 173, 174, 176, 177, 178, 179, 180, 182, 185, 186, 187, 189, 190, 191, 192, 193, 196, 197, 198, 200, 201, 202, 203, 204, 206, 207, 208, 209, 211, 214, 215, 216, 217, 218, 219, 220, 230, 231, 232, 233, 245, 246, 248, 249, 252, 253, 261], "excluded_lines": [], "start_line": 56}, "": {"executed_lines": [], "summary": {"covered_lines": 0, "num_statements": 36, "percent_covered": 0.0, "percent_covered_display": "0", "missing_lines": 36, "excluded_lines": 0, "percent_statements_covered": 0.0, "percent_statements_covered_display": "0"}, "missing_lines": [7, 8, 9, 11, 12, 13, 14, 15, 17, 18, 19, 22, 23, 24, 25, 26, 27, 28, 30, 32, 44, 45, 46, 49, 50, 51, 52, 53, 56, 59, 79, 141, 184, 195, 213, 251], "excluded_lines": [], "start_line": 1}}}, "ai_proctoring\\identity_verifier.py": {"executed_lines": [], "summary": {"covered_lines": 0, "num_statements": 74, "percent_covered": 0.0, "percent_covered_display": "0", "missing_lines": 74, "excluded_lines": 0, "percent_statements_covered": 0.0, "percent_statements_covered_display": "0"}, "missing_lines": [11, 12, 13, 15, 16, 17, 21, 22, 23, 24, 25, 29, 38, 41, 42, 43, 44, 45, 46, 47, 48, 49, 50, 51, 53, 54, 55, 57, 59, 60, 62, 64, 65, 67, 68, 74, 75, 76, 77, 78, 80, 81, 82, 83, 88, 89, 90, 91, 92, 94, 95, 96, 97, 98, 100, 101, 103, 104, 105, 106, 107, 108, 109, 110, 111, 118, 120, 121, 123, 124, 125, 127, 128, 130], "excluded_lines": [], "functions": {"IdentityVerifier.__init__": {"executed_lines": [], "summary": {"covered_lines": 0, "num_statements": 10, "percent_covered": 0.0, "percent_covered_display": "0", "missing_lines": 10, "excluded_lines": 0, "percent_statements_covered": 0.0, "percent_statements_covered_display": "0"}, "missing_lines": [42, 43, 44, 45, 46, 47, 48, 49, 50, 51], "excluded_lines": [], "start_line": 41}, "IdentityVerifier.process": {"executed_lines": [], "summary": {"covered_lines": 0, "num_statements": 8, "percent_covered": 0.0, "percent_covered_display": "0", "missing_lines": 8, "excluded_lines": 0, "percent_statements_covered": 0.0, "percent_statements_covered_display": "0"}, "missing_lines": [54, 55, 57, 59, 60, 62, 64, 65], "excluded_lines": [], "start_line": 53}, "IdentityVerifier._extract_embedding": {"executed_lines": [], "summary": {"covered_lines": 0, "num_statements": 6, "percent_covered": 0.0, "percent_covered_display": "0", "missing_lines": 6, "excluded_lines": 0, "percent_statements_covered": 0.0, "percent_statements_covered_display": "0"}, "missing_lines": [68, 74, 75, 76, 77, 78], "excluded_lines": [], "start_line": 67}, "IdentityVerifier._enroll": {"executed_lines": [], "summary": {"covered_lines": 0, "num_statements": 8, "percent_covered": 0.0, "percent_covered_display": "0", "missing_lines": 8, "excluded_lines": 0, "percent_statements_covered": 0.0, "percent_statements_covered_display": "0"}, "missing_lines": [81, 82, 83, 88, 89, 90, 91, 92], "excluded_lines": [], "start_line": 80}, "IdentityVerifier._verify": {"executed_lines": [], "summary": {"covered_lines": 0, "num_statements": 18, "percent_covered": 0.0, "percent_covered_display": "0", "missing_lines": 18, "excluded_lines": 0, "percent_statements_covered": 0.0, "percent_statements_covered_display": "0"}, "missing_lines": [95, 96, 97, 98, 100, 101, 103, 104, 105, 106, 107, 108, 109, 110, 111, 118, 120, 121], "excluded_lines": [], "start_line": 94}, "IdentityVerifier._cosine_similarity": {"executed_lines": [], "summary": {"covered_lines": 0, "num_statements": 2, "percent_covered": 0.0, "percent_covered_display": "0", "missing_lines": 2, "excluded_lines": 0, "percent_statements_covered": 0.0, "percent_statements_covered_display": "0"}, "missing_lines": [124, 125], "excluded_lines": [], "start_line": 123}, "IdentityVerifier._draw_info": {"executed_lines": [], "summary": {"covered_lines": 0, "num_statements": 2, "percent_covered": 0.0, "percent_covered_display": "0", "missing_lines": 2, "excluded_lines": 0, "percent_statements_covered": 0.0, "percent_statements_covered_display": "0"}, "missing_lines": [128, 130], "excluded_lines": [], "start_line": 127}, "": {"executed_lines": [], "summary": {"covered_lines": 0, "num_statements": 20, "percent_covered": 0.0, "percent_covered_display": "0", "missing_lines": 20, "excluded_lines": 0, "percent_statements_covered": 0.0, "percent_statements_covered_display": "0"}, "missing_lines": [11, 12, 13, 15, 16, 17, 21, 22, 23, 24, 25, 29, 38, 41, 53, 67, 80, 94, 123, 127], "excluded_lines": [], "start_line": 1}}, "classes": {"IdentityVerifier": {"executed_lines": [], "summary": {"covered_lines": 0, "num_statements": 54, "percent_covered": 0.0, "percent_covered_display": "0", "missing_lines": 54, "excluded_lines": 0, "percent_statements_covered": 0.0, "percent_statements_covered_display": "0"}, "missing_lines": [42, 43, 44, 45, 46, 47, 48, 49, 50, 51, 54, 55, 57, 59, 60, 62, 64, 65, 68, 74, 75, 76, 77, 78, 81, 82, 83, 88, 89, 90, 91, 92, 95, 96, 97, 98, 100, 101, 103, 104, 105, 106, 107, 108, 109, 110, 111, 118, 120, 121, 124, 125, 128, 130], "excluded_lines": [], "start_line": 38}, "": {"executed_lines": [], "summary": {"covered_lines": 0, "num_statements": 20, "percent_covered": 0.0, "percent_covered_display": "0", "missing_lines": 20, "excluded_lines": 0, "percent_statements_covered": 0.0, "percent_statements_covered_display": "0"}, "missing_lines": [11, 12, 13, 15, 16, 17, 21, 22, 23, 24, 25, 29, 38, 41, 53, 67, 80, 94, 123, 127], "excluded_lines": [], "start_line": 1}}}, "ai_proctoring\\lighting_monitor.py": {"executed_lines": [], "summary": {"covered_lines": 0, "num_statements": 74, "percent_covered": 0.0, "percent_covered_display": "0", "missing_lines": 74, "excluded_lines": 0, "percent_statements_covered": 0.0, "percent_statements_covered_display": "0"}, "missing_lines": [9, 10, 12, 13, 15, 16, 17, 20, 21, 22, 23, 24, 27, 30, 31, 32, 33, 34, 35, 36, 37, 38, 40, 41, 42, 43, 45, 46, 48, 49, 51, 61, 62, 64, 65, 66, 67, 68, 69, 71, 72, 74, 76, 77, 78, 79, 81, 92, 93, 94, 103, 105, 107, 108, 109, 110, 120, 122, 123, 124, 126, 127, 128, 130, 131, 132, 133, 134, 144, 145, 147, 149, 150, 151], "excluded_lines": [], "functions": {"LightingMonitor.__init__": {"executed_lines": [], "summary": {"covered_lines": 0, "num_statements": 8, "percent_covered": 0.0, "percent_covered_display": "0", "missing_lines": 8, "excluded_lines": 0, "percent_statements_covered": 0.0, "percent_statements_covered_display": "0"}, "missing_lines": [31, 32, 33, 34, 35, 36, 37, 38], "excluded_lines": [], "start_line": 30}, "LightingMonitor.process": {"executed_lines": [], "summary": {"covered_lines": 0, "num_statements": 8, "percent_covered": 0.0, "percent_covered_display": "0", "missing_lines": 8, "excluded_lines": 0, "percent_statements_covered": 0.0, "percent_statements_covered_display": "0"}, "missing_lines": [41, 42, 43, 45, 46, 48, 49, 51], "excluded_lines": [], "start_line": 40}, "LightingMonitor._check_camera_blocked": {"executed_lines": [], "summary": {"covered_lines": 0, "num_statements": 25, "percent_covered": 0.0, "percent_covered_display": "0", "missing_lines": 25, "excluded_lines": 0, "percent_statements_covered": 0.0, "percent_statements_covered_display": "0"}, "missing_lines": [62, 64, 65, 66, 67, 68, 69, 71, 72, 74, 76, 77, 78, 79, 81, 92, 93, 94, 103, 105, 107, 108, 109, 110, 120], "excluded_lines": [], "start_line": 61}, "LightingMonitor._check_sudden_spike": {"executed_lines": [], "summary": {"covered_lines": 0, "num_statements": 13, "percent_covered": 0.0, "percent_covered_display": "0", "missing_lines": 13, "excluded_lines": 0, "percent_statements_covered": 0.0, "percent_statements_covered_display": "0"}, "missing_lines": [123, 124, 126, 127, 128, 130, 131, 132, 133, 134, 144, 145, 147], "excluded_lines": [], "start_line": 122}, "LightingMonitor._draw_info": {"executed_lines": [], "summary": {"covered_lines": 0, "num_statements": 2, "percent_covered": 0.0, "percent_covered_display": "0", "missing_lines": 2, "excluded_lines": 0, "percent_statements_covered": 0.0, "percent_statements_covered_display": "0"}, "missing_lines": [150, 151], "excluded_lines": [], "start_line": 149}, "": {"executed_lines": [], "summary": {"covered_lines": 0, "num_statements": 18, "percent_covered": 0.0, "percent_covered_display": "0", "missing_lines": 18, "excluded_lines": 0, "percent_statements_covered": 0.0, "percent_statements_covered_display": "0"}, "missing_lines": [9, 10, 12, 13, 15, 16, 17, 20, 21, 22, 23, 24, 27, 30, 40, 61, 122, 149], "excluded_lines": [], "start_line": 1}}, "classes": {"LightingMonitor": {"executed_lines": [], "summary": {"covered_lines": 0, "num_statements": 56, "percent_covered": 0.0, "percent_covered_display": "0", "missing_lines": 56, "excluded_lines": 0, "percent_statements_covered": 0.0, "percent_statements_covered_display": "0"}, "missing_lines": [31, 32, 33, 34, 35, 36, 37, 38, 41, 42, 43, 45, 46, 48, 49, 51, 62, 64, 65, 66, 67, 68, 69, 71, 72, 74, 76, 77, 78, 79, 81, 92, 93, 94, 103, 105, 107, 108, 109, 110, 120, 123, 124, 126, 127, 128, 130, 131, 132, 133, 134, 144, 145, 147, 150, 151], "excluded_lines": [], "start_line": 27}, "": {"executed_lines": [], "summary": {"covered_lines": 0, "num_statements": 18, "percent_covered": 0.0, "percent_covered_display": "0", "missing_lines": 18, "excluded_lines": 0, "percent_statements_covered": 0.0, "percent_statements_covered_display": "0"}, "missing_lines": [9, 10, 12, 13, 15, 16, 17, 20, 21, 22, 23, 24, 27, 30, 40, 61, 122, 149], "excluded_lines": [], "start_line": 1}}}, "ai_proctoring\\lip_movement.py": {"executed_lines": [], "summary": {"covered_lines": 0, "num_statements": 81, "percent_covered": 0.0, "percent_covered_display": "0", "missing_lines": 81, "excluded_lines": 0, "percent_statements_covered": 0.0, "percent_statements_covered_display": "0"}, "missing_lines": [9, 10, 11, 12, 14, 15, 16, 21, 22, 23, 24, 26, 27, 28, 29, 30, 31, 34, 37, 38, 39, 40, 41, 42, 43, 44, 45, 46, 48, 49, 50, 52, 53, 54, 55, 56, 57, 59, 60, 61, 63, 64, 66, 68, 69, 70, 72, 73, 74, 75, 77, 78, 79, 81, 82, 83, 84, 85, 86, 87, 88, 89, 90, 91, 93, 94, 95, 96, 97, 98, 99, 100, 105, 106, 107, 114, 115, 117, 119, 120, 121], "excluded_lines": [], "functions": {"LipMovementMonitor.__init__": {"executed_lines": [], "summary": {"covered_lines": 0, "num_statements": 9, "percent_covered": 0.0, "percent_covered_display": "0", "missing_lines": 9, "excluded_lines": 0, "percent_statements_covered": 0.0, "percent_statements_covered_display": "0"}, "missing_lines": [38, 39, 40, 41, 42, 43, 44, 45, 46], "excluded_lines": [], "start_line": 37}, "LipMovementMonitor.process": {"executed_lines": [], "summary": {"covered_lines": 0, "num_statements": 14, "percent_covered": 0.0, "percent_covered_display": "0", "missing_lines": 14, "excluded_lines": 0, "percent_statements_covered": 0.0, "percent_statements_covered_display": "0"}, "missing_lines": [49, 50, 52, 53, 54, 55, 56, 57, 59, 60, 61, 63, 64, 66], "excluded_lines": [], "start_line": 48}, "LipMovementMonitor._compute_mar": {"executed_lines": [], "summary": {"covered_lines": 0, "num_statements": 8, "percent_covered": 0.0, "percent_covered_display": "0", "missing_lines": 8, "excluded_lines": 0, "percent_statements_covered": 0.0, "percent_statements_covered_display": "0"}, "missing_lines": [69, 72, 73, 74, 75, 77, 78, 79], "excluded_lines": [], "start_line": 68}, "LipMovementMonitor._compute_mar.pt": {"executed_lines": [], "summary": {"covered_lines": 0, "num_statements": 1, "percent_covered": 0.0, "percent_covered_display": "0", "missing_lines": 1, "excluded_lines": 0, "percent_statements_covered": 0.0, "percent_statements_covered_display": "0"}, "missing_lines": [70], "excluded_lines": [], "start_line": 69}, "LipMovementMonitor._update_movement_cycles": {"executed_lines": [], "summary": {"covered_lines": 0, "num_statements": 10, "percent_covered": 0.0, "percent_covered_display": "0", "missing_lines": 10, "excluded_lines": 0, "percent_statements_covered": 0.0, "percent_statements_covered_display": "0"}, "missing_lines": [82, 83, 84, 85, 86, 87, 88, 89, 90, 91], "excluded_lines": [], "start_line": 81}, "LipMovementMonitor._handle_talking": {"executed_lines": [], "summary": {"covered_lines": 0, "num_statements": 13, "percent_covered": 0.0, "percent_covered_display": "0", "missing_lines": 13, "excluded_lines": 0, "percent_statements_covered": 0.0, "percent_statements_covered_display": "0"}, "missing_lines": [94, 95, 96, 97, 98, 99, 100, 105, 106, 107, 114, 115, 117], "excluded_lines": [], "start_line": 93}, "LipMovementMonitor._draw_info": {"executed_lines": [], "summary": {"covered_lines": 0, "num_statements": 2, "percent_covered": 0.0, "percent_covered_display": "0", "missing_lines": 2, "excluded_lines": 0, "percent_statements_covered": 0.0, "percent_statements_covered_display": "0"}, "missing_lines": [120, 121], "excluded_lines": [], "start_line": 119}, "": {"executed_lines": [], "summary": {"covered_lines": 0, "num_statements": 24, "percent_covered": 0.0, "percent_covered_display": "0", "missing_lines": 24, "excluded_lines": 0, "percent_statements_covered": 0.0, "percent_statements_covered_display": "0"}, "missing_lines": [9, 10, 11, 12, 14, 15, 16, 21, 22, 23, 24, 26, 27, 28, 29, 30, 31, 34, 37, 48, 68, 81, 93, 119], "excluded_lines": [], "start_line": 1}}, "classes": {"LipMovementMonitor": {"executed_lines": [], "summary": {"covered_lines": 0, "num_statements": 57, "percent_covered": 0.0, "percent_covered_display": "0", "missing_lines": 57, "excluded_lines": 0, "percent_statements_covered": 0.0, "percent_statements_covered_display": "0"}, "missing_lines": [38, 39, 40, 41, 42, 43, 44, 45, 46, 49, 50, 52, 53, 54, 55, 56, 57, 59, 60, 61, 63, 64, 66, 69, 70, 72, 73, 74, 75, 77, 78, 79, 82, 83, 84, 85, 86, 87, 88, 89, 90, 91, 94, 95, 96, 97, 98, 99, 100, 105, 106, 107, 114, 115, 117, 120, 121], "excluded_lines": [], "start_line": 34}, "": {"executed_lines": [], "summary": {"covered_lines": 0, "num_statements": 24, "percent_covered": 0.0, "percent_covered_display": "0", "missing_lines": 24, "excluded_lines": 0, "percent_statements_covered": 0.0, "percent_statements_covered_display": "0"}, "missing_lines": [9, 10, 11, 12, 14, 15, 16, 21, 22, 23, 24, 26, 27, 28, 29, 30, 31, 34, 37, 48, 68, 81, 93, 119], "excluded_lines": [], "start_line": 1}}}, "ai_proctoring\\main.py": {"executed_lines": [], "summary": {"covered_lines": 0, "num_statements": 257, "percent_covered": 0.0, "percent_covered_display": "0", "missing_lines": 257, "excluded_lines": 0, "percent_statements_covered": 0.0, "percent_statements_covered_display": "0"}, "missing_lines": [5, 6, 7, 8, 9, 11, 12, 13, 15, 16, 17, 18, 19, 20, 21, 22, 23, 24, 25, 29, 30, 37, 38, 41, 44, 45, 47, 48, 50, 51, 53, 56, 57, 58, 67, 68, 69, 72, 73, 74, 77, 78, 79, 80, 86, 87, 88, 89, 97, 98, 100, 101, 102, 103, 104, 105, 106, 108, 109, 110, 111, 112, 113, 114, 115, 116, 117, 118, 119, 121, 125, 126, 127, 128, 129, 130, 131, 135, 136, 137, 138, 139, 140, 141, 142, 144, 145, 146, 147, 148, 149, 150, 152, 153, 154, 155, 162, 164, 165, 166, 168, 169, 176, 178, 179, 180, 181, 182, 183, 184, 185, 186, 187, 194, 195, 196, 197, 198, 200, 201, 202, 204, 207, 209, 210, 211, 212, 213, 215, 216, 217, 218, 219, 220, 221, 222, 224, 225, 226, 227, 228, 234, 235, 236, 237, 238, 244, 247, 248, 249, 250, 253, 254, 255, 260, 263, 264, 265, 266, 271, 273, 276, 277, 278, 285, 286, 287, 294, 295, 296, 303, 304, 305, 312, 313, 314, 321, 322, 323, 330, 331, 332, 339, 340, 357, 358, 359, 362, 363, 365, 366, 367, 368, 369, 370, 371, 372, 373, 374, 375, 376, 377, 379, 380, 381, 382, 384, 385, 387, 388, 390, 391, 392, 393, 395, 396, 398, 399, 401, 402, 403, 404, 405, 406, 408, 409, 411, 412, 414, 446, 447, 448, 449, 450, 451, 452, 453, 454, 466, 467, 468, 471, 472, 473, 474, 476, 477, 478, 480, 481, 483, 484, 485, 487, 488, 489, 490], "excluded_lines": [], "functions": {"request_shutdown": {"executed_lines": [], "summary": {"covered_lines": 0, "num_statements": 7, "percent_covered": 0.0, "percent_covered_display": "0", "missing_lines": 7, "excluded_lines": 0, "percent_statements_covered": 0.0, "percent_statements_covered_display": "0"}, "missing_lines": [44, 45, 47, 48, 50, 51, 53], "excluded_lines": [], "start_line": 41}, "root": {"executed_lines": [], "summary": {"covered_lines": 0, "num_statements": 1, "percent_covered": 0.0, "percent_covered_display": "0", "missing_lines": 1, "excluded_lines": 0, "percent_statements_covered": 0.0, "percent_statements_covered_display": "0"}, "missing_lines": [58], "excluded_lines": [], "start_line": 57}, "healthcheck": {"executed_lines": [], "summary": {"covered_lines": 0, "num_statements": 1, "percent_covered": 0.0, "percent_covered_display": "0", "missing_lines": 1, "excluded_lines": 0, "percent_statements_covered": 0.0, "percent_statements_covered_display": "0"}, "missing_lines": [69], "excluded_lines": [], "start_line": 68}, "favicon": {"executed_lines": [], "summary": {"covered_lines": 0, "num_statements": 1, "percent_covered": 0.0, "percent_covered_display": "0", "missing_lines": 1, "excluded_lines": 0, "percent_statements_covered": 0.0, "percent_statements_covered_display": "0"}, "missing_lines": [74], "excluded_lines": [], "start_line": 73}, "shutdown_server": {"executed_lines": [], "summary": {"covered_lines": 0, "num_statements": 2, "percent_covered": 0.0, "percent_covered_display": "0", "missing_lines": 2, "excluded_lines": 0, "percent_statements_covered": 0.0, "percent_statements_covered_display": "0"}, "missing_lines": [79, 80], "excluded_lines": [], "start_line": 78}, "proctor_http_info": {"executed_lines": [], "summary": {"covered_lines": 0, "num_statements": 1, "percent_covered": 0.0, "percent_covered_display": "0", "missing_lines": 1, "excluded_lines": 0, "percent_statements_covered": 0.0, "percent_statements_covered_display": "0"}, "missing_lines": [89], "excluded_lines": [], "start_line": 88}, "SessionState.__init__": {"executed_lines": [], "summary": {"covered_lines": 0, "num_statements": 5, "percent_covered": 0.0, "percent_covered_display": "0", "missing_lines": 5, "excluded_lines": 0, "percent_statements_covered": 0.0, "percent_statements_covered_display": "0"}, "missing_lines": [127, 128, 129, 130, 131], "excluded_lines": [], "start_line": 126}, "proctor_ws": {"executed_lines": [], "summary": {"covered_lines": 0, "num_statements": 40, "percent_covered": 0.0, "percent_covered_display": "0", "missing_lines": 40, "excluded_lines": 0, "percent_statements_covered": 0.0, "percent_statements_covered_display": "0"}, "missing_lines": [140, 141, 142, 144, 145, 146, 147, 148, 149, 150, 152, 153, 154, 155, 162, 164, 165, 166, 168, 169, 176, 178, 179, 180, 181, 182, 183, 184, 185, 186, 187, 194, 195, 196, 197, 198, 200, 201, 202, 204], "excluded_lines": [], "start_line": 139}, "_process_frame": {"executed_lines": [], "summary": {"covered_lines": 0, "num_statements": 89, "percent_covered": 0.0, "percent_covered_display": "0", "missing_lines": 89, "excluded_lines": 0, "percent_statements_covered": 0.0, "percent_statements_covered_display": "0"}, "missing_lines": [209, 210, 211, 212, 213, 215, 224, 247, 248, 249, 250, 253, 254, 255, 260, 263, 264, 265, 266, 271, 273, 276, 277, 278, 285, 286, 287, 294, 295, 296, 303, 304, 305, 312, 313, 314, 321, 322, 323, 330, 331, 332, 339, 340, 357, 358, 359, 362, 363, 365, 366, 367, 368, 369, 370, 371, 372, 373, 374, 375, 376, 377, 379, 380, 381, 382, 384, 385, 387, 388, 390, 391, 392, 393, 395, 396, 398, 399, 401, 402, 403, 404, 405, 406, 408, 409, 411, 412, 414], "excluded_lines": [], "start_line": 207}, "_process_frame.safe_detector": {"executed_lines": [], "summary": {"covered_lines": 0, "num_statements": 7, "percent_covered": 0.0, "percent_covered_display": "0", "missing_lines": 7, "excluded_lines": 0, "percent_statements_covered": 0.0, "percent_statements_covered_display": "0"}, "missing_lines": [216, 217, 218, 219, 220, 221, 222], "excluded_lines": [], "start_line": 215}, "_process_frame.exposure_gate": {"executed_lines": [], "summary": {"covered_lines": 0, "num_statements": 10, "percent_covered": 0.0, "percent_covered_display": "0", "missing_lines": 10, "excluded_lines": 0, "percent_statements_covered": 0.0, "percent_statements_covered_display": "0"}, "missing_lines": [225, 226, 227, 228, 234, 235, 236, 237, 238, 244], "excluded_lines": [], "start_line": 224}, "on_shutdown": {"executed_lines": [], "summary": {"covered_lines": 0, "num_statements": 10, "percent_covered": 0.0, "percent_covered_display": "0", "missing_lines": 10, "excluded_lines": 0, "percent_statements_covered": 0.0, "percent_statements_covered_display": "0"}, "missing_lines": [448, 449, 450, 451, 452, 453, 454, 466, 467, 468], "excluded_lines": [], "start_line": 447}, "_handle_signal": {"executed_lines": [], "summary": {"covered_lines": 0, "num_statements": 4, "percent_covered": 0.0, "percent_covered_display": "0", "missing_lines": 4, "excluded_lines": 0, "percent_statements_covered": 0.0, "percent_statements_covered_display": "0"}, "missing_lines": [477, 478, 480, 481], "excluded_lines": [], "start_line": 476}, "": {"executed_lines": [], "summary": {"covered_lines": 0, "num_statements": 79, "percent_covered": 0.0, "percent_covered_display": "0", "missing_lines": 79, "excluded_lines": 0, "percent_statements_covered": 0.0, "percent_statements_covered_display": "0"}, "missing_lines": [5, 6, 7, 8, 9, 11, 12, 13, 15, 16, 17, 18, 19, 20, 21, 22, 23, 24, 25, 29, 30, 37, 38, 41, 56, 57, 67, 68, 72, 73, 77, 78, 86, 87, 88, 97, 98, 100, 101, 102, 103, 104, 105, 106, 108, 109, 110, 111, 112, 113, 114, 115, 116, 117, 118, 119, 121, 125, 126, 135, 136, 137, 138, 139, 207, 446, 447, 471, 472, 473, 474, 476, 483, 484, 485, 487, 488, 489, 490], "excluded_lines": [], "start_line": 1}}, "classes": {"SessionState": {"executed_lines": [], "summary": {"covered_lines": 0, "num_statements": 5, "percent_covered": 0.0, "percent_covered_display": "0", "missing_lines": 5, "excluded_lines": 0, "percent_statements_covered": 0.0, "percent_statements_covered_display": "0"}, "missing_lines": [127, 128, 129, 130, 131], "excluded_lines": [], "start_line": 125}, "": {"executed_lines": [], "summary": {"covered_lines": 0, "num_statements": 252, "percent_covered": 0.0, "percent_covered_display": "0", "missing_lines": 252, "excluded_lines": 0, "percent_statements_covered": 0.0, "percent_statements_covered_display": "0"}, "missing_lines": [5, 6, 7, 8, 9, 11, 12, 13, 15, 16, 17, 18, 19, 20, 21, 22, 23, 24, 25, 29, 30, 37, 38, 41, 44, 45, 47, 48, 50, 51, 53, 56, 57, 58, 67, 68, 69, 72, 73, 74, 77, 78, 79, 80, 86, 87, 88, 89, 97, 98, 100, 101, 102, 103, 104, 105, 106, 108, 109, 110, 111, 112, 113, 114, 115, 116, 117, 118, 119, 121, 125, 126, 135, 136, 137, 138, 139, 140, 141, 142, 144, 145, 146, 147, 148, 149, 150, 152, 153, 154, 155, 162, 164, 165, 166, 168, 169, 176, 178, 179, 180, 181, 182, 183, 184, 185, 186, 187, 194, 195, 196, 197, 198, 200, 201, 202, 204, 207, 209, 210, 211, 212, 213, 215, 216, 217, 218, 219, 220, 221, 222, 224, 225, 226, 227, 228, 234, 235, 236, 237, 238, 244, 247, 248, 249, 250, 253, 254, 255, 260, 263, 264, 265, 266, 271, 273, 276, 277, 278, 285, 286, 287, 294, 295, 296, 303, 304, 305, 312, 313, 314, 321, 322, 323, 330, 331, 332, 339, 340, 357, 358, 359, 362, 363, 365, 366, 367, 368, 369, 370, 371, 372, 373, 374, 375, 376, 377, 379, 380, 381, 382, 384, 385, 387, 388, 390, 391, 392, 393, 395, 396, 398, 399, 401, 402, 403, 404, 405, 406, 408, 409, 411, 412, 414, 446, 447, 448, 449, 450, 451, 452, 453, 454, 466, 467, 468, 471, 472, 473, 474, 476, 477, 478, 480, 481, 483, 484, 485, 487, 488, 489, 490], "excluded_lines": [], "start_line": 1}}}, "ai_proctoring\\motion_detector.py": {"executed_lines": [], "summary": {"covered_lines": 0, "num_statements": 67, "percent_covered": 0.0, "percent_covered_display": "0", "missing_lines": 67, "excluded_lines": 0, "percent_statements_covered": 0.0, "percent_statements_covered_display": "0"}, "missing_lines": [12, 13, 14, 16, 17, 18, 22, 23, 24, 25, 26, 29, 32, 33, 34, 35, 36, 37, 38, 39, 41, 43, 44, 45, 47, 48, 49, 52, 53, 54, 56, 57, 58, 59, 60, 61, 62, 64, 65, 66, 67, 68, 70, 71, 72, 73, 75, 77, 78, 79, 80, 81, 82, 85, 86, 87, 88, 90, 91, 96, 97, 98, 105, 106, 108, 109, 111], "excluded_lines": [], "functions": {"MotionDetector.__init__": {"executed_lines": [], "summary": {"covered_lines": 0, "num_statements": 7, "percent_covered": 0.0, "percent_covered_display": "0", "missing_lines": 7, "excluded_lines": 0, "percent_statements_covered": 0.0, "percent_statements_covered_display": "0"}, "missing_lines": [33, 34, 35, 36, 37, 38, 39], "excluded_lines": [], "start_line": 32}, "MotionDetector.process": {"executed_lines": [], "summary": {"covered_lines": 0, "num_statements": 46, "percent_covered": 0.0, "percent_covered_display": "0", "missing_lines": 46, "excluded_lines": 0, "percent_statements_covered": 0.0, "percent_statements_covered_display": "0"}, "missing_lines": [43, 44, 45, 47, 48, 49, 52, 53, 54, 56, 57, 58, 59, 60, 61, 62, 64, 65, 66, 67, 68, 70, 71, 72, 73, 75, 77, 78, 79, 80, 81, 82, 85, 86, 87, 88, 90, 91, 96, 97, 98, 105, 106, 108, 109, 111], "excluded_lines": [], "start_line": 41}, "": {"executed_lines": [], "summary": {"covered_lines": 0, "num_statements": 14, "percent_covered": 0.0, "percent_covered_display": "0", "missing_lines": 14, "excluded_lines": 0, "percent_statements_covered": 0.0, "percent_statements_covered_display": "0"}, "missing_lines": [12, 13, 14, 16, 17, 18, 22, 23, 24, 25, 26, 29, 32, 41], "excluded_lines": [], "start_line": 1}}, "classes": {"MotionDetector": {"executed_lines": [], "summary": {"covered_lines": 0, "num_statements": 53, "percent_covered": 0.0, "percent_covered_display": "0", "missing_lines": 53, "excluded_lines": 0, "percent_statements_covered": 0.0, "percent_statements_covered_display": "0"}, "missing_lines": [33, 34, 35, 36, 37, 38, 39, 43, 44, 45, 47, 48, 49, 52, 53, 54, 56, 57, 58, 59, 60, 61, 62, 64, 65, 66, 67, 68, 70, 71, 72, 73, 75, 77, 78, 79, 80, 81, 82, 85, 86, 87, 88, 90, 91, 96, 97, 98, 105, 106, 108, 109, 111], "excluded_lines": [], "start_line": 29}, "": {"executed_lines": [], "summary": {"covered_lines": 0, "num_statements": 14, "percent_covered": 0.0, "percent_covered_display": "0", "missing_lines": 14, "excluded_lines": 0, "percent_statements_covered": 0.0, "percent_statements_covered_display": "0"}, "missing_lines": [12, 13, 14, 16, 17, 18, 22, 23, 24, 25, 26, 29, 32, 41], "excluded_lines": [], "start_line": 1}}}, "ai_proctoring\\object_detection.py": {"executed_lines": [], "summary": {"covered_lines": 0, "num_statements": 69, "percent_covered": 0.0, "percent_covered_display": "0", "missing_lines": 69, "excluded_lines": 0, "percent_statements_covered": 0.0, "percent_statements_covered_display": "0"}, "missing_lines": [13, 14, 15, 17, 18, 19, 23, 31, 32, 33, 34, 35, 45, 48, 49, 50, 51, 52, 54, 55, 56, 58, 66, 67, 68, 69, 70, 71, 72, 73, 74, 75, 76, 77, 78, 79, 86, 88, 89, 90, 92, 98, 99, 100, 101, 102, 103, 104, 110, 112, 113, 114, 115, 116, 117, 118, 119, 120, 121, 124, 125, 126, 127, 128, 129, 130, 131, 132, 133], "excluded_lines": [], "functions": {"ObjectDetector.__init__": {"executed_lines": [], "summary": {"covered_lines": 0, "num_statements": 4, "percent_covered": 0.0, "percent_covered_display": "0", "missing_lines": 4, "excluded_lines": 0, "percent_statements_covered": 0.0, "percent_statements_covered_display": "0"}, "missing_lines": [49, 50, 51, 52], "excluded_lines": [], "start_line": 48}, "ObjectDetector.process": {"executed_lines": [], "summary": {"covered_lines": 0, "num_statements": 22, "percent_covered": 0.0, "percent_covered_display": "0", "missing_lines": 22, "excluded_lines": 0, "percent_statements_covered": 0.0, "percent_statements_covered_display": "0"}, "missing_lines": [55, 56, 58, 66, 67, 68, 69, 70, 71, 72, 73, 74, 75, 76, 77, 78, 79, 86, 88, 89, 90, 92], "excluded_lines": [], "start_line": 54}, "ObjectDetector._fire_violation": {"executed_lines": [], "summary": {"covered_lines": 0, "num_statements": 7, "percent_covered": 0.0, "percent_covered_display": "0", "missing_lines": 7, "excluded_lines": 0, "percent_statements_covered": 0.0, "percent_statements_covered_display": "0"}, "missing_lines": [99, 100, 101, 102, 103, 104, 110], "excluded_lines": [], "start_line": 98}, "ObjectDetector._draw_box": {"executed_lines": [], "summary": {"covered_lines": 0, "num_statements": 9, "percent_covered": 0.0, "percent_covered_display": "0", "missing_lines": 9, "excluded_lines": 0, "percent_statements_covered": 0.0, "percent_statements_covered_display": "0"}, "missing_lines": [113, 114, 115, 116, 117, 118, 119, 120, 121], "excluded_lines": [], "start_line": 112}, "ObjectDetector._load_model": {"executed_lines": [], "summary": {"covered_lines": 0, "num_statements": 9, "percent_covered": 0.0, "percent_covered_display": "0", "missing_lines": 9, "excluded_lines": 0, "percent_statements_covered": 0.0, "percent_statements_covered_display": "0"}, "missing_lines": [125, 126, 127, 128, 129, 130, 131, 132, 133], "excluded_lines": [], "start_line": 124}, "": {"executed_lines": [], "summary": {"covered_lines": 0, "num_statements": 18, "percent_covered": 0.0, "percent_covered_display": "0", "missing_lines": 18, "excluded_lines": 0, "percent_statements_covered": 0.0, "percent_statements_covered_display": "0"}, "missing_lines": [13, 14, 15, 17, 18, 19, 23, 31, 32, 33, 34, 35, 45, 48, 54, 98, 112, 124], "excluded_lines": [], "start_line": 1}}, "classes": {"ObjectDetector": {"executed_lines": [], "summary": {"covered_lines": 0, "num_statements": 51, "percent_covered": 0.0, "percent_covered_display": "0", "missing_lines": 51, "excluded_lines": 0, "percent_statements_covered": 0.0, "percent_statements_covered_display": "0"}, "missing_lines": [49, 50, 51, 52, 55, 56, 58, 66, 67, 68, 69, 70, 71, 72, 73, 74, 75, 76, 77, 78, 79, 86, 88, 89, 90, 92, 99, 100, 101, 102, 103, 104, 110, 113, 114, 115, 116, 117, 118, 119, 120, 121, 125, 126, 127, 128, 129, 130, 131, 132, 133], "excluded_lines": [], "start_line": 45}, "": {"executed_lines": [], "summary": {"covered_lines": 0, "num_statements": 18, "percent_covered": 0.0, "percent_covered_display": "0", "missing_lines": 18, "excluded_lines": 0, "percent_statements_covered": 0.0, "percent_statements_covered_display": "0"}, "missing_lines": [13, 14, 15, 17, 18, 19, 23, 31, 32, 33, 34, 35, 45, 48, 54, 98, 112, 124], "excluded_lines": [], "start_line": 1}}}, "ai_proctoring\\phone_detection.py": {"executed_lines": [], "summary": {"covered_lines": 0, "num_statements": 69, "percent_covered": 0.0, "percent_covered_display": "0", "missing_lines": 69, "excluded_lines": 0, "percent_statements_covered": 0.0, "percent_statements_covered_display": "0"}, "missing_lines": [9, 10, 11, 13, 14, 15, 18, 19, 20, 21, 22, 23, 24, 27, 30, 31, 32, 33, 34, 35, 39, 40, 41, 44, 52, 53, 54, 55, 56, 57, 58, 59, 61, 62, 63, 64, 65, 67, 69, 77, 78, 79, 80, 82, 83, 84, 85, 86, 87, 89, 90, 93, 94, 95, 96, 98, 99, 100, 109, 111, 112, 113, 114, 115, 116, 118, 119, 120, 124], "excluded_lines": [], "functions": {"PhoneDetector.__init__": {"executed_lines": [], "summary": {"covered_lines": 0, "num_statements": 5, "percent_covered": 0.0, "percent_covered_display": "0", "missing_lines": 5, "excluded_lines": 0, "percent_statements_covered": 0.0, "percent_statements_covered_display": "0"}, "missing_lines": [31, 32, 33, 34, 35], "excluded_lines": [], "start_line": 30}, "PhoneDetector.process": {"executed_lines": [], "summary": {"covered_lines": 0, "num_statements": 18, "percent_covered": 0.0, "percent_covered_display": "0", "missing_lines": 18, "excluded_lines": 0, "percent_statements_covered": 0.0, "percent_statements_covered_display": "0"}, "missing_lines": [40, 41, 44, 52, 53, 54, 55, 56, 57, 58, 59, 61, 62, 63, 64, 65, 67, 69], "excluded_lines": [], "start_line": 39}, "PhoneDetector._load_model": {"executed_lines": [], "summary": {"covered_lines": 0, "num_statements": 11, "percent_covered": 0.0, "percent_covered_display": "0", "missing_lines": 11, "excluded_lines": 0, "percent_statements_covered": 0.0, "percent_statements_covered_display": "0"}, "missing_lines": [78, 79, 80, 82, 83, 84, 85, 86, 87, 89, 90], "excluded_lines": [], "start_line": 77}, "PhoneDetector._fire_violation": {"executed_lines": [], "summary": {"covered_lines": 0, "num_statements": 7, "percent_covered": 0.0, "percent_covered_display": "0", "missing_lines": 7, "excluded_lines": 0, "percent_statements_covered": 0.0, "percent_statements_covered_display": "0"}, "missing_lines": [94, 95, 96, 98, 99, 100, 109], "excluded_lines": [], "start_line": 93}, "PhoneDetector._draw_boxes": {"executed_lines": [], "summary": {"covered_lines": 0, "num_statements": 9, "percent_covered": 0.0, "percent_covered_display": "0", "missing_lines": 9, "excluded_lines": 0, "percent_statements_covered": 0.0, "percent_statements_covered_display": "0"}, "missing_lines": [112, 113, 114, 115, 116, 118, 119, 120, 124], "excluded_lines": [], "start_line": 111}, "": {"executed_lines": [], "summary": {"covered_lines": 0, "num_statements": 19, "percent_covered": 0.0, "percent_covered_display": "0", "missing_lines": 19, "excluded_lines": 0, "percent_statements_covered": 0.0, "percent_statements_covered_display": "0"}, "missing_lines": [9, 10, 11, 13, 14, 15, 18, 19, 20, 21, 22, 23, 24, 27, 30, 39, 77, 93, 111], "excluded_lines": [], "start_line": 1}}, "classes": {"PhoneDetector": {"executed_lines": [], "summary": {"covered_lines": 0, "num_statements": 50, "percent_covered": 0.0, "percent_covered_display": "0", "missing_lines": 50, "excluded_lines": 0, "percent_statements_covered": 0.0, "percent_statements_covered_display": "0"}, "missing_lines": [31, 32, 33, 34, 35, 40, 41, 44, 52, 53, 54, 55, 56, 57, 58, 59, 61, 62, 63, 64, 65, 67, 69, 78, 79, 80, 82, 83, 84, 85, 86, 87, 89, 90, 94, 95, 96, 98, 99, 100, 109, 112, 113, 114, 115, 116, 118, 119, 120, 124], "excluded_lines": [], "start_line": 27}, "": {"executed_lines": [], "summary": {"covered_lines": 0, "num_statements": 19, "percent_covered": 0.0, "percent_covered_display": "0", "missing_lines": 19, "excluded_lines": 0, "percent_statements_covered": 0.0, "percent_statements_covered_display": "0"}, "missing_lines": [9, 10, 11, 13, 14, 15, 18, 19, 20, 21, 22, 23, 24, 27, 30, 39, 77, 93, 111], "excluded_lines": [], "start_line": 1}}}, "ai_proctoring\\report_generator.py": {"executed_lines": [], "summary": {"covered_lines": 0, "num_statements": 158, "percent_covered": 0.0, "percent_covered_display": "0", "missing_lines": 158, "excluded_lines": 0, "percent_statements_covered": 0.0, "percent_statements_covered_display": "0"}, "missing_lines": [7, 8, 9, 11, 12, 13, 14, 15, 19, 21, 22, 23, 24, 25, 26, 27, 28, 29, 31, 48, 57, 58, 59, 62, 63, 64, 65, 66, 67, 68, 70, 75, 76, 79, 80, 81, 82, 85, 86, 88, 96, 97, 110, 111, 114, 115, 116, 118, 119, 120, 121, 122, 123, 124, 125, 126, 128, 129, 142, 144, 147, 148, 149, 150, 151, 152, 153, 154, 155, 156, 157, 158, 159, 160, 161, 162, 164, 165, 179, 180, 181, 182, 186, 189, 194, 195, 196, 197, 198, 199, 200, 201, 202, 203, 204, 205, 206, 207, 208, 209, 210, 211, 212, 220, 222, 225, 226, 227, 230, 231, 232, 233, 237, 238, 239, 243, 244, 245, 246, 247, 248, 249, 250, 251, 252, 254, 255, 258, 260, 261, 262, 263, 264, 266, 267, 268, 269, 270, 271, 273, 274, 280, 282, 283, 284, 286, 287, 293, 294, 295, 297, 299, 301, 303, 305, 307, 309, 311], "excluded_lines": [], "functions": {"generate_report": {"executed_lines": [], "summary": {"covered_lines": 0, "num_statements": 95, "percent_covered": 0.0, "percent_covered_display": "0", "missing_lines": 95, "excluded_lines": 0, "percent_statements_covered": 0.0, "percent_statements_covered_display": "0"}, "missing_lines": [57, 58, 59, 62, 63, 64, 65, 66, 67, 68, 70, 75, 76, 79, 80, 81, 82, 85, 86, 88, 96, 97, 110, 111, 114, 115, 116, 118, 119, 120, 121, 122, 123, 124, 125, 126, 128, 129, 142, 144, 147, 148, 149, 150, 151, 152, 153, 154, 155, 156, 157, 158, 159, 160, 161, 162, 164, 165, 179, 180, 181, 182, 186, 189, 194, 195, 196, 197, 198, 199, 200, 201, 202, 203, 204, 205, 206, 207, 208, 209, 210, 211, 212, 220, 222, 225, 226, 227, 230, 231, 232, 233, 237, 238, 239], "excluded_lines": [], "start_line": 48}, "_load_events": {"executed_lines": [], "summary": {"covered_lines": 0, "num_statements": 9, "percent_covered": 0.0, "percent_covered_display": "0", "missing_lines": 9, "excluded_lines": 0, "percent_statements_covered": 0.0, "percent_statements_covered_display": "0"}, "missing_lines": [244, 245, 246, 247, 248, 249, 250, 251, 252], "excluded_lines": [], "start_line": 243}, "_risk_score": {"executed_lines": [], "summary": {"covered_lines": 0, "num_statements": 7, "percent_covered": 0.0, "percent_covered_display": "0", "missing_lines": 7, "excluded_lines": 0, "percent_statements_covered": 0.0, "percent_statements_covered_display": "0"}, "missing_lines": [255, 258, 260, 261, 262, 263, 264], "excluded_lines": [], "start_line": 254}, "_risk_assessment": {"executed_lines": [], "summary": {"covered_lines": 0, "num_statements": 5, "percent_covered": 0.0, "percent_covered_display": "0", "missing_lines": 5, "excluded_lines": 0, "percent_statements_covered": 0.0, "percent_statements_covered_display": "0"}, "missing_lines": [267, 268, 269, 270, 271], "excluded_lines": [], "start_line": 266}, "_risk_note": {"executed_lines": [], "summary": {"covered_lines": 0, "num_statements": 2, "percent_covered": 0.0, "percent_covered_display": "0", "missing_lines": 2, "excluded_lines": 0, "percent_statements_covered": 0.0, "percent_statements_covered_display": "0"}, "missing_lines": [274, 280], "excluded_lines": [], "start_line": 273}, "_hex": {"executed_lines": [], "summary": {"covered_lines": 0, "num_statements": 2, "percent_covered": 0.0, "percent_covered_display": "0", "missing_lines": 2, "excluded_lines": 0, "percent_statements_covered": 0.0, "percent_statements_covered_display": "0"}, "missing_lines": [283, 284], "excluded_lines": [], "start_line": 282}, "_section_header": {"executed_lines": [], "summary": {"covered_lines": 0, "num_statements": 1, "percent_covered": 0.0, "percent_covered_display": "0", "missing_lines": 1, "excluded_lines": 0, "percent_statements_covered": 0.0, "percent_statements_covered_display": "0"}, "missing_lines": [287], "excluded_lines": [], "start_line": 286}, "_build_styles": {"executed_lines": [], "summary": {"covered_lines": 0, "num_statements": 10, "percent_covered": 0.0, "percent_covered_display": "0", "missing_lines": 10, "excluded_lines": 0, "percent_statements_covered": 0.0, "percent_statements_covered_display": "0"}, "missing_lines": [294, 295, 297, 299, 301, 303, 305, 307, 309, 311], "excluded_lines": [], "start_line": 293}, "": {"executed_lines": [], "summary": {"covered_lines": 0, "num_statements": 27, "percent_covered": 0.0, "percent_covered_display": "0", "missing_lines": 27, "excluded_lines": 0, "percent_statements_covered": 0.0, "percent_statements_covered_display": "0"}, "missing_lines": [7, 8, 9, 11, 12, 13, 14, 15, 19, 21, 22, 23, 24, 25, 26, 27, 28, 29, 31, 48, 243, 254, 266, 273, 282, 286, 293], "excluded_lines": [], "start_line": 1}}, "classes": {"": {"executed_lines": [], "summary": {"covered_lines": 0, "num_statements": 158, "percent_covered": 0.0, "percent_covered_display": "0", "missing_lines": 158, "excluded_lines": 0, "percent_statements_covered": 0.0, "percent_statements_covered_display": "0"}, "missing_lines": [7, 8, 9, 11, 12, 13, 14, 15, 19, 21, 22, 23, 24, 25, 26, 27, 28, 29, 31, 48, 57, 58, 59, 62, 63, 64, 65, 66, 67, 68, 70, 75, 76, 79, 80, 81, 82, 85, 86, 88, 96, 97, 110, 111, 114, 115, 116, 118, 119, 120, 121, 122, 123, 124, 125, 126, 128, 129, 142, 144, 147, 148, 149, 150, 151, 152, 153, 154, 155, 156, 157, 158, 159, 160, 161, 162, 164, 165, 179, 180, 181, 182, 186, 189, 194, 195, 196, 197, 198, 199, 200, 201, 202, 203, 204, 205, 206, 207, 208, 209, 210, 211, 212, 220, 222, 225, 226, 227, 230, 231, 232, 233, 237, 238, 239, 243, 244, 245, 246, 247, 248, 249, 250, 251, 252, 254, 255, 258, 260, 261, 262, 263, 264, 266, 267, 268, 269, 270, 271, 273, 274, 280, 282, 283, 284, 286, 287, 293, 294, 295, 297, 299, 301, 303, 305, 307, 309, 311], "excluded_lines": [], "start_line": 1}}}, "ai_proctoring\\tab_monitor.py": {"executed_lines": [], "summary": {"covered_lines": 0, "num_statements": 73, "percent_covered": 0.0, "percent_covered_display": "0", "missing_lines": 73, "excluded_lines": 0, "percent_statements_covered": 0.0, "percent_statements_covered_display": "0"}, "missing_lines": [9, 10, 11, 12, 14, 15, 19, 20, 21, 22, 23, 28, 31, 32, 33, 34, 35, 36, 37, 38, 39, 40, 42, 46, 47, 51, 52, 53, 54, 55, 56, 57, 58, 59, 60, 61, 62, 66, 67, 68, 69, 70, 71, 72, 73, 77, 78, 80, 82, 83, 85, 86, 87, 88, 89, 90, 91, 93, 94, 95, 97, 98, 99, 100, 102, 103, 104, 106, 108, 112, 113, 124, 125], "excluded_lines": [], "functions": {"TabMonitor.__init__": {"executed_lines": [], "summary": {"covered_lines": 0, "num_statements": 10, "percent_covered": 0.0, "percent_covered_display": "0", "missing_lines": 10, "excluded_lines": 0, "percent_statements_covered": 0.0, "percent_statements_covered_display": "0"}, "missing_lines": [32, 33, 34, 35, 36, 37, 38, 39, 40, 42], "excluded_lines": [], "start_line": 31}, "TabMonitor.stop": {"executed_lines": [], "summary": {"covered_lines": 0, "num_statements": 1, "percent_covered": 0.0, "percent_covered_display": "0", "missing_lines": 1, "excluded_lines": 0, "percent_statements_covered": 0.0, "percent_statements_covered_display": "0"}, "missing_lines": [47], "excluded_lines": [], "start_line": 46}, "TabMonitor._start": {"executed_lines": [], "summary": {"covered_lines": 0, "num_statements": 11, "percent_covered": 0.0, "percent_covered_display": "0", "missing_lines": 11, "excluded_lines": 0, "percent_statements_covered": 0.0, "percent_statements_covered_display": "0"}, "missing_lines": [52, 53, 54, 55, 56, 57, 58, 59, 60, 61, 62], "excluded_lines": [], "start_line": 51}, "TabMonitor._get_active_window": {"executed_lines": [], "summary": {"covered_lines": 0, "num_statements": 9, "percent_covered": 0.0, "percent_covered_display": "0", "missing_lines": 9, "excluded_lines": 0, "percent_statements_covered": 0.0, "percent_statements_covered_display": "0"}, "missing_lines": [67, 68, 69, 70, 71, 72, 73, 77, 78], "excluded_lines": [], "start_line": 66}, "TabMonitor._poll_loop": {"executed_lines": [], "summary": {"covered_lines": 0, "num_statements": 12, "percent_covered": 0.0, "percent_covered_display": "0", "missing_lines": 12, "excluded_lines": 0, "percent_statements_covered": 0.0, "percent_statements_covered_display": "0"}, "missing_lines": [82, 83, 85, 86, 87, 88, 89, 90, 91, 93, 94, 95], "excluded_lines": [], "start_line": 80}, "TabMonitor._on_switch": {"executed_lines": [], "summary": {"covered_lines": 0, "num_statements": 12, "percent_covered": 0.0, "percent_covered_display": "0", "missing_lines": 12, "excluded_lines": 0, "percent_statements_covered": 0.0, "percent_statements_covered_display": "0"}, "missing_lines": [98, 99, 100, 102, 103, 104, 106, 108, 112, 113, 124, 125], "excluded_lines": [], "start_line": 97}, "": {"executed_lines": [], "summary": {"covered_lines": 0, "num_statements": 18, "percent_covered": 0.0, "percent_covered_display": "0", "missing_lines": 18, "excluded_lines": 0, "percent_statements_covered": 0.0, "percent_statements_covered_display": "0"}, "missing_lines": [9, 10, 11, 12, 14, 15, 19, 20, 21, 22, 23, 28, 31, 46, 51, 66, 80, 97], "excluded_lines": [], "start_line": 1}}, "classes": {"TabMonitor": {"executed_lines": [], "summary": {"covered_lines": 0, "num_statements": 55, "percent_covered": 0.0, "percent_covered_display": "0", "missing_lines": 55, "excluded_lines": 0, "percent_statements_covered": 0.0, "percent_statements_covered_display": "0"}, "missing_lines": [32, 33, 34, 35, 36, 37, 38, 39, 40, 42, 47, 52, 53, 54, 55, 56, 57, 58, 59, 60, 61, 62, 67, 68, 69, 70, 71, 72, 73, 77, 78, 82, 83, 85, 86, 87, 88, 89, 90, 91, 93, 94, 95, 98, 99, 100, 102, 103, 104, 106, 108, 112, 113, 124, 125], "excluded_lines": [], "start_line": 28}, "": {"executed_lines": [], "summary": {"covered_lines": 0, "num_statements": 18, "percent_covered": 0.0, "percent_covered_display": "0", "missing_lines": 18, "excluded_lines": 0, "percent_statements_covered": 0.0, "percent_statements_covered_display": "0"}, "missing_lines": [9, 10, 11, 12, 14, 15, 19, 20, 21, 22, 23, 28, 31, 46, 51, 66, 80, 97], "excluded_lines": [], "start_line": 1}}}, "ai_proctoring\\utils.py": {"executed_lines": [], "summary": {"covered_lines": 0, "num_statements": 40, "percent_covered": 0.0, "percent_covered_display": "0", "missing_lines": 40, "excluded_lines": 0, "percent_statements_covered": 0.0, "percent_statements_covered_display": "0"}, "missing_lines": [3, 4, 6, 8, 9, 11, 12, 13, 14, 15, 16, 18, 19, 20, 21, 22, 23, 24, 25, 26, 28, 29, 47, 48, 50, 51, 52, 54, 57, 59, 62, 63, 64, 65, 66, 67, 68, 69, 70, 71], "excluded_lines": [], "functions": {"ensure_directories": {"executed_lines": [], "summary": {"covered_lines": 0, "num_statements": 5, "percent_covered": 0.0, "percent_covered_display": "0", "missing_lines": 5, "excluded_lines": 0, "percent_statements_covered": 0.0, "percent_statements_covered_display": "0"}, "missing_lines": [12, 13, 14, 15, 16], "excluded_lines": [], "start_line": 11}, "capture_screenshot": {"executed_lines": [], "summary": {"covered_lines": 0, "num_statements": 8, "percent_covered": 0.0, "percent_covered_display": "0", "missing_lines": 8, "excluded_lines": 0, "percent_statements_covered": 0.0, "percent_statements_covered_display": "0"}, "missing_lines": [19, 20, 21, 22, 23, 24, 25, 26], "excluded_lines": [], "start_line": 18}, "draw_status_overlay": {"executed_lines": [], "summary": {"covered_lines": 0, "num_statements": 19, "percent_covered": 0.0, "percent_covered_display": "0", "missing_lines": 19, "excluded_lines": 0, "percent_statements_covered": 0.0, "percent_statements_covered_display": "0"}, "missing_lines": [29, 47, 48, 50, 51, 52, 54, 57, 59, 62, 63, 64, 65, 66, 67, 68, 69, 70, 71], "excluded_lines": [], "start_line": 28}, "": {"executed_lines": [], "summary": {"covered_lines": 0, "num_statements": 8, "percent_covered": 0.0, "percent_covered_display": "0", "missing_lines": 8, "excluded_lines": 0, "percent_statements_covered": 0.0, "percent_statements_covered_display": "0"}, "missing_lines": [3, 4, 6, 8, 9, 11, 18, 28], "excluded_lines": [], "start_line": 1}}, "classes": {"": {"executed_lines": [], "summary": {"covered_lines": 0, "num_statements": 40, "percent_covered": 0.0, "percent_covered_display": "0", "missing_lines": 40, "excluded_lines": 0, "percent_statements_covered": 0.0, "percent_statements_covered_display": "0"}, "missing_lines": [3, 4, 6, 8, 9, 11, 12, 13, 14, 15, 16, 18, 19, 20, 21, 22, 23, 24, 25, 26, 28, 29, 47, 48, 50, 51, 52, 54, 57, 59, 62, 63, 64, 65, 66, 67, 68, 69, 70, 71], "excluded_lines": [], "start_line": 1}}}, "ai_proctoring\\violation_logger.py": {"executed_lines": [], "summary": {"covered_lines": 0, "num_statements": 63, "percent_covered": 0.0, "percent_covered_display": "0", "missing_lines": 63, "excluded_lines": 0, "percent_statements_covered": 0.0, "percent_statements_covered_display": "0"}, "missing_lines": [3, 4, 5, 6, 7, 9, 11, 13, 15, 16, 17, 18, 20, 21, 22, 24, 25, 26, 27, 28, 29, 31, 46, 48, 49, 50, 51, 52, 53, 54, 55, 57, 58, 59, 60, 66, 67, 68, 69, 70, 71, 72, 73, 75, 76, 77, 78, 79, 81, 82, 83, 84, 85, 86, 87, 88, 89, 90, 91, 92, 94, 95, 96], "excluded_lines": [], "functions": {"ViolationLogger.__init__": {"executed_lines": [], "summary": {"covered_lines": 0, "num_statements": 6, "percent_covered": 0.0, "percent_covered_display": "0", "missing_lines": 6, "excluded_lines": 0, "percent_statements_covered": 0.0, "percent_statements_covered_display": "0"}, "missing_lines": [50, 51, 52, 53, 54, 55], "excluded_lines": [], "start_line": 49}, "ViolationLogger.log": {"executed_lines": [], "summary": {"covered_lines": 0, "num_statements": 11, "percent_covered": 0.0, "percent_covered_display": "0", "missing_lines": 11, "excluded_lines": 0, "percent_statements_covered": 0.0, "percent_statements_covered_display": "0"}, "missing_lines": [58, 59, 60, 66, 67, 68, 69, 70, 71, 72, 73], "excluded_lines": [], "start_line": 57}, "ViolationLogger.close": {"executed_lines": [], "summary": {"covered_lines": 0, "num_statements": 4, "percent_covered": 0.0, "percent_covered_display": "0", "missing_lines": 4, "excluded_lines": 0, "percent_statements_covered": 0.0, "percent_statements_covered_display": "0"}, "missing_lines": [76, 77, 78, 79], "excluded_lines": [], "start_line": 75}, "ViolationLogger.read_all": {"executed_lines": [], "summary": {"covered_lines": 0, "num_statements": 11, "percent_covered": 0.0, "percent_covered_display": "0", "missing_lines": 11, "excluded_lines": 0, "percent_statements_covered": 0.0, "percent_statements_covered_display": "0"}, "missing_lines": [82, 83, 84, 85, 86, 87, 88, 89, 90, 91, 92], "excluded_lines": [], "start_line": 81}, "ViolationLogger._print_event": {"executed_lines": [], "summary": {"covered_lines": 0, "num_statements": 2, "percent_covered": 0.0, "percent_covered_display": "0", "missing_lines": 2, "excluded_lines": 0, "percent_statements_covered": 0.0, "percent_statements_covered_display": "0"}, "missing_lines": [95, 96], "excluded_lines": [], "start_line": 94}, "": {"executed_lines": [], "summary": {"covered_lines": 0, "num_statements": 29, "percent_covered": 0.0, "percent_covered_display": "0", "missing_lines": 29, "excluded_lines": 0, "percent_statements_covered": 0.0, "percent_statements_covered_display": "0"}, "missing_lines": [3, 4, 5, 6, 7, 9, 11, 13, 15, 16, 17, 18, 20, 21, 22, 24, 25, 26, 27, 28, 29, 31, 46, 48, 49, 57, 75, 81, 94], "excluded_lines": [], "start_line": 1}}, "classes": {"ViolationType": {"executed_lines": [], "summary": {"covered_lines": 0, "num_statements": 0, "percent_covered": 100.0, "percent_covered_display": "100", "missing_lines": 0, "excluded_lines": 0, "percent_statements_covered": 100.0, "percent_statements_covered_display": "100"}, "missing_lines": [], "excluded_lines": [], "start_line": 13}, "ViolationLogger": {"executed_lines": [], "summary": {"covered_lines": 0, "num_statements": 34, "percent_covered": 0.0, "percent_covered_display": "0", "missing_lines": 34, "excluded_lines": 0, "percent_statements_covered": 0.0, "percent_statements_covered_display": "0"}, "missing_lines": [50, 51, 52, 53, 54, 55, 58, 59, 60, 66, 67, 68, 69, 70, 71, 72, 73, 76, 77, 78, 79, 82, 83, 84, 85, 86, 87, 88, 89, 90, 91, 92, 95, 96], "excluded_lines": [], "start_line": 48}, "": {"executed_lines": [], "summary": {"covered_lines": 0, "num_statements": 29, "percent_covered": 0.0, "percent_covered_display": "0", "missing_lines": 29, "excluded_lines": 0, "percent_statements_covered": 0.0, "percent_statements_covered_display": "0"}, "missing_lines": [3, 4, 5, 6, 7, 9, 11, 13, 15, 16, 17, 18, 20, 21, 22, 24, 25, 26, 27, 28, 29, 31, 46, 48, 49, 57, 75, 81, 94], "excluded_lines": [], "start_line": 1}}}}, "totals": {"covered_lines": 0, "num_statements": 1561, "percent_covered": 0.0, "percent_covered_display": "0", "missing_lines": 1561, "excluded_lines": 0, "percent_statements_covered": 0.0, "percent_statements_covered_display": "0"}}